16-Nov-2023 05:56:50.571 INFO [main] org.apache.catalina.core.ApplicationContext.log ContextListener: contextInitialized()
16-Nov-2023 05:56:50.571 INFO [main] org.apache.catalina.core.ApplicationContext.log SessionListener: contextInitialized()
16-Nov-2023 05:56:50.573 INFO [main] org.apache.catalina.core.ApplicationContext.log ContextListener: attributeAdded('StockTicker', 'async.Stockticker@5618fc1f')
16-Nov-2023 06:01:12.456 INFO [main] org.apache.catalina.core.ApplicationContext.log ContextListener: contextInitialized()
16-Nov-2023 06:01:12.456 INFO [main] org.apache.catalina.core.ApplicationContext.log SessionListener: contextInitialized()
16-Nov-2023 06:01:12.456 INFO [main] org.apache.catalina.core.ApplicationContext.log ContextListener: attributeAdded('StockTicker', 'async.Stockticker@795f6681')
16-Nov-2023 06:16:38.127 INFO [main] org.apache.catalina.core.ApplicationContext.log ContextListener: contextInitialized()
16-Nov-2023 06:16:38.129 INFO [main] org.apache.catalina.core.ApplicationContext.log SessionListener: contextInitialized()
16-Nov-2023 06:16:38.131 INFO [main] org.apache.catalina.core.ApplicationContext.log ContextListener: attributeAdded('StockTicker', 'async.Stockticker@3a209918')
16-Nov-2023 06:16:55.458 SEVERE [http-nio-8080-exec-2] org.apache.catalina.core.StandardWrapperValve.invoke El Servlet.service() para el servlet [MiServlet] en el contexto con ruta [/ejemploweb] lanzó la excepción [org.glassfish.jersey.server.ContainerException: java.lang.Error: Unresolved compilation problem: 
	The attribute value is undefined for the annotation type Produces
] con causa raíz
	java.lang.Error: Unresolved compilation problem: 
	The attribute value is undefined for the annotation type Produces

		at com.krakedev.servicios.ServicioClientes.buscar(ServicioClientes.java:21)
		at java.base/jdk.internal.reflect.DirectMethodHandleAccessor.invoke(DirectMethodHandleAccessor.java:103)
		at java.base/java.lang.reflect.Method.invoke(Method.java:580)
		at org.glassfish.jersey.server.model.internal.ResourceMethodInvocationHandlerFactory.lambda$static$0(ResourceMethodInvocationHandlerFactory.java:52)
		at org.glassfish.jersey.server.model.internal.AbstractJavaResourceMethodDispatcher$1.run(AbstractJavaResourceMethodDispatcher.java:124)
		at org.glassfish.jersey.server.model.internal.AbstractJavaResourceMethodDispatcher.invoke(AbstractJavaResourceMethodDispatcher.java:167)
		at org.glassfish.jersey.server.model.internal.JavaResourceMethodDispatcherProvider$TypeOutInvoker.doDispatch(JavaResourceMethodDispatcherProvider.java:219)
		at org.glassfish.jersey.server.model.internal.AbstractJavaResourceMethodDispatcher.dispatch(AbstractJavaResourceMethodDispatcher.java:79)
		at org.glassfish.jersey.server.model.ResourceMethodInvoker.invoke(ResourceMethodInvoker.java:469)
		at org.glassfish.jersey.server.model.ResourceMethodInvoker.apply(ResourceMethodInvoker.java:391)
		at org.glassfish.jersey.server.model.ResourceMethodInvoker.apply(ResourceMethodInvoker.java:80)
		at org.glassfish.jersey.server.ServerRuntime$1.run(ServerRuntime.java:253)
		at org.glassfish.jersey.internal.Errors$1.call(Errors.java:248)
		at org.glassfish.jersey.internal.Errors$1.call(Errors.java:244)
		at org.glassfish.jersey.internal.Errors.process(Errors.java:292)
		at org.glassfish.jersey.internal.Errors.process(Errors.java:274)
		at org.glassfish.jersey.internal.Errors.process(Errors.java:244)
		at org.glassfish.jersey.process.internal.RequestScope.runInScope(RequestScope.java:265)
		at org.glassfish.jersey.server.ServerRuntime.process(ServerRuntime.java:232)
		at org.glassfish.jersey.server.ApplicationHandler.handle(ApplicationHandler.java:680)
		at org.glassfish.jersey.servlet.WebComponent.serviceImpl(WebComponent.java:392)
		at org.glassfish.jersey.servlet.WebComponent.service(WebComponent.java:346)
		at org.glassfish.jersey.servlet.ServletContainer.service(ServletContainer.java:365)
		at org.glassfish.jersey.servlet.ServletContainer.service(ServletContainer.java:318)
		at org.glassfish.jersey.servlet.ServletContainer.service(ServletContainer.java:205)
		at org.apache.catalina.core.ApplicationFilterChain.internalDoFilter(ApplicationFilterChain.java:209)
		at org.apache.catalina.core.ApplicationFilterChain.doFilter(ApplicationFilterChain.java:153)
		at org.apache.tomcat.websocket.server.WsFilter.doFilter(WsFilter.java:51)
		at org.apache.catalina.core.ApplicationFilterChain.internalDoFilter(ApplicationFilterChain.java:178)
		at org.apache.catalina.core.ApplicationFilterChain.doFilter(ApplicationFilterChain.java:153)
		at org.apache.catalina.core.StandardWrapperValve.invoke(StandardWrapperValve.java:168)
		at org.apache.catalina.core.StandardContextValve.invoke(StandardContextValve.java:90)
		at org.apache.catalina.authenticator.AuthenticatorBase.invoke(AuthenticatorBase.java:481)
		at org.apache.catalina.core.StandardHostValve.invoke(StandardHostValve.java:130)
		at org.apache.catalina.valves.ErrorReportValve.invoke(ErrorReportValve.java:93)
		at org.apache.catalina.valves.AbstractAccessLogValve.invoke(AbstractAccessLogValve.java:670)
		at org.apache.catalina.core.StandardEngineValve.invoke(StandardEngineValve.java:74)
		at org.apache.catalina.connector.CoyoteAdapter.service(CoyoteAdapter.java:342)
		at org.apache.coyote.http11.Http11Processor.service(Http11Processor.java:390)
		at org.apache.coyote.AbstractProcessorLight.process(AbstractProcessorLight.java:63)
		at org.apache.coyote.AbstractProtocol$ConnectionHandler.process(AbstractProtocol.java:928)
		at org.apache.tomcat.util.net.NioEndpoint$SocketProcessor.doRun(NioEndpoint.java:1794)
		at org.apache.tomcat.util.net.SocketProcessorBase.run(SocketProcessorBase.java:52)
		at org.apache.tomcat.util.threads.ThreadPoolExecutor.runWorker(ThreadPoolExecutor.java:1191)
		at org.apache.tomcat.util.threads.ThreadPoolExecutor$Worker.run(ThreadPoolExecutor.java:659)
		at org.apache.tomcat.util.threads.TaskThread$WrappingRunnable.run(TaskThread.java:61)
		at java.base/java.lang.Thread.run(Thread.java:1583)
16-Nov-2023 06:18:58.461 SEVERE [http-nio-8080-exec-4] org.apache.catalina.core.StandardWrapperValve.invoke El Servlet.service() para el servlet [MiServlet] en el contexto con ruta [/ejemploweb] lanzó la excepción [org.glassfish.jersey.server.ContainerException: java.lang.Error: Unresolved compilation problem: 
	The attribute value is undefined for the annotation type Produces
] con causa raíz
	java.lang.Error: Unresolved compilation problem: 
	The attribute value is undefined for the annotation type Produces

		at com.krakedev.servicios.ServicioClientes.buscar(ServicioClientes.java:21)
		at java.base/jdk.internal.reflect.DirectMethodHandleAccessor.invoke(DirectMethodHandleAccessor.java:103)
		at java.base/java.lang.reflect.Method.invoke(Method.java:580)
		at org.glassfish.jersey.server.model.internal.ResourceMethodInvocationHandlerFactory.lambda$static$0(ResourceMethodInvocationHandlerFactory.java:52)
		at org.glassfish.jersey.server.model.internal.AbstractJavaResourceMethodDispatcher$1.run(AbstractJavaResourceMethodDispatcher.java:124)
		at org.glassfish.jersey.server.model.internal.AbstractJavaResourceMethodDispatcher.invoke(AbstractJavaResourceMethodDispatcher.java:167)
		at org.glassfish.jersey.server.model.internal.JavaResourceMethodDispatcherProvider$TypeOutInvoker.doDispatch(JavaResourceMethodDispatcherProvider.java:219)
		at org.glassfish.jersey.server.model.internal.AbstractJavaResourceMethodDispatcher.dispatch(AbstractJavaResourceMethodDispatcher.java:79)
		at org.glassfish.jersey.server.model.ResourceMethodInvoker.invoke(ResourceMethodInvoker.java:469)
		at org.glassfish.jersey.server.model.ResourceMethodInvoker.apply(ResourceMethodInvoker.java:391)
		at org.glassfish.jersey.server.model.ResourceMethodInvoker.apply(ResourceMethodInvoker.java:80)
		at org.glassfish.jersey.server.ServerRuntime$1.run(ServerRuntime.java:253)
		at org.glassfish.jersey.internal.Errors$1.call(Errors.java:248)
		at org.glassfish.jersey.internal.Errors$1.call(Errors.java:244)
		at org.glassfish.jersey.internal.Errors.process(Errors.java:292)
		at org.glassfish.jersey.internal.Errors.process(Errors.java:274)
		at org.glassfish.jersey.internal.Errors.process(Errors.java:244)
		at org.glassfish.jersey.process.internal.RequestScope.runInScope(RequestScope.java:265)
		at org.glassfish.jersey.server.ServerRuntime.process(ServerRuntime.java:232)
		at org.glassfish.jersey.server.ApplicationHandler.handle(ApplicationHandler.java:680)
		at org.glassfish.jersey.servlet.WebComponent.serviceImpl(WebComponent.java:392)
		at org.glassfish.jersey.servlet.WebComponent.service(WebComponent.java:346)
		at org.glassfish.jersey.servlet.ServletContainer.service(ServletContainer.java:365)
		at org.glassfish.jersey.servlet.ServletContainer.service(ServletContainer.java:318)
		at org.glassfish.jersey.servlet.ServletContainer.service(ServletContainer.java:205)
		at org.apache.catalina.core.ApplicationFilterChain.internalDoFilter(ApplicationFilterChain.java:209)
		at org.apache.catalina.core.ApplicationFilterChain.doFilter(ApplicationFilterChain.java:153)
		at org.apache.tomcat.websocket.server.WsFilter.doFilter(WsFilter.java:51)
		at org.apache.catalina.core.ApplicationFilterChain.internalDoFilter(ApplicationFilterChain.java:178)
		at org.apache.catalina.core.ApplicationFilterChain.doFilter(ApplicationFilterChain.java:153)
		at org.apache.catalina.core.StandardWrapperValve.invoke(StandardWrapperValve.java:168)
		at org.apache.catalina.core.StandardContextValve.invoke(StandardContextValve.java:90)
		at org.apache.catalina.authenticator.AuthenticatorBase.invoke(AuthenticatorBase.java:481)
		at org.apache.catalina.core.StandardHostValve.invoke(StandardHostValve.java:130)
		at org.apache.catalina.valves.ErrorReportValve.invoke(ErrorReportValve.java:93)
		at org.apache.catalina.valves.AbstractAccessLogValve.invoke(AbstractAccessLogValve.java:670)
		at org.apache.catalina.core.StandardEngineValve.invoke(StandardEngineValve.java:74)
		at org.apache.catalina.connector.CoyoteAdapter.service(CoyoteAdapter.java:342)
		at org.apache.coyote.http11.Http11Processor.service(Http11Processor.java:390)
		at org.apache.coyote.AbstractProcessorLight.process(AbstractProcessorLight.java:63)
		at org.apache.coyote.AbstractProtocol$ConnectionHandler.process(AbstractProtocol.java:928)
		at org.apache.tomcat.util.net.NioEndpoint$SocketProcessor.doRun(NioEndpoint.java:1794)
		at org.apache.tomcat.util.net.SocketProcessorBase.run(SocketProcessorBase.java:52)
		at org.apache.tomcat.util.threads.ThreadPoolExecutor.runWorker(ThreadPoolExecutor.java:1191)
		at org.apache.tomcat.util.threads.ThreadPoolExecutor$Worker.run(ThreadPoolExecutor.java:659)
		at org.apache.tomcat.util.threads.TaskThread$WrappingRunnable.run(TaskThread.java:61)
		at java.base/java.lang.Thread.run(Thread.java:1583)
16-Nov-2023 06:20:25.116 INFO [main] org.apache.catalina.core.ApplicationContext.log ContextListener: contextInitialized()
16-Nov-2023 06:20:25.116 INFO [main] org.apache.catalina.core.ApplicationContext.log SessionListener: contextInitialized()
16-Nov-2023 06:20:25.132 INFO [main] org.apache.catalina.core.ApplicationContext.log ContextListener: attributeAdded('StockTicker', 'async.Stockticker@28b458e6')
16-Nov-2023 06:24:40.544 INFO [main] org.apache.catalina.core.ApplicationContext.log ContextListener: contextInitialized()
16-Nov-2023 06:24:40.544 INFO [main] org.apache.catalina.core.ApplicationContext.log SessionListener: contextInitialized()
16-Nov-2023 06:24:40.544 INFO [main] org.apache.catalina.core.ApplicationContext.log ContextListener: attributeAdded('StockTicker', 'async.Stockticker@76fc5687')
16-Nov-2023 06:29:16.620 INFO [main] org.apache.catalina.core.ApplicationContext.log ContextListener: contextInitialized()
16-Nov-2023 06:29:16.621 INFO [main] org.apache.catalina.core.ApplicationContext.log SessionListener: contextInitialized()
16-Nov-2023 06:29:16.625 INFO [main] org.apache.catalina.core.ApplicationContext.log ContextListener: attributeAdded('StockTicker', 'async.Stockticker@5d404a3c')
16-Nov-2023 06:40:22.356 INFO [main] org.apache.catalina.core.ApplicationContext.log ContextListener: contextInitialized()
16-Nov-2023 06:40:22.356 INFO [main] org.apache.catalina.core.ApplicationContext.log SessionListener: contextInitialized()
16-Nov-2023 06:40:22.364 INFO [main] org.apache.catalina.core.ApplicationContext.log ContextListener: attributeAdded('StockTicker', 'async.Stockticker@584136c1')
16-Nov-2023 06:50:41.737 INFO [main] org.apache.catalina.core.ApplicationContext.log ContextListener: contextInitialized()
16-Nov-2023 06:50:41.737 INFO [main] org.apache.catalina.core.ApplicationContext.log SessionListener: contextInitialized()
16-Nov-2023 06:50:41.740 INFO [main] org.apache.catalina.core.ApplicationContext.log ContextListener: attributeAdded('StockTicker', 'async.Stockticker@749ad37c')
16-Nov-2023 22:39:50.935 INFO [main] org.apache.catalina.core.ApplicationContext.log ContextListener: contextInitialized()
16-Nov-2023 22:39:50.935 INFO [main] org.apache.catalina.core.ApplicationContext.log SessionListener: contextInitialized()
16-Nov-2023 22:39:50.936 INFO [main] org.apache.catalina.core.ApplicationContext.log ContextListener: attributeAdded('StockTicker', 'async.Stockticker@4a29520e')
16-Nov-2023 22:49:02.953 INFO [main] org.apache.catalina.core.ApplicationContext.log ContextListener: contextInitialized()
16-Nov-2023 22:49:02.955 INFO [main] org.apache.catalina.core.ApplicationContext.log SessionListener: contextInitialized()
16-Nov-2023 22:49:02.956 INFO [main] org.apache.catalina.core.ApplicationContext.log ContextListener: attributeAdded('StockTicker', 'async.Stockticker@63f08f9f')
16-Nov-2023 22:55:51.437 INFO [main] org.apache.catalina.core.ApplicationContext.log ContextListener: contextInitialized()
16-Nov-2023 22:55:51.437 INFO [main] org.apache.catalina.core.ApplicationContext.log SessionListener: contextInitialized()
16-Nov-2023 22:55:51.439 INFO [main] org.apache.catalina.core.ApplicationContext.log ContextListener: attributeAdded('StockTicker', 'async.Stockticker@79f6b43a')
16-Nov-2023 23:00:36.927 INFO [main] org.apache.catalina.core.ApplicationContext.log ContextListener: contextInitialized()
16-Nov-2023 23:00:36.927 INFO [main] org.apache.catalina.core.ApplicationContext.log SessionListener: contextInitialized()
16-Nov-2023 23:00:36.927 INFO [main] org.apache.catalina.core.ApplicationContext.log ContextListener: attributeAdded('StockTicker', 'async.Stockticker@1277a6a1')
16-Nov-2023 23:01:17.561 INFO [main] org.apache.catalina.core.ApplicationContext.log ContextListener: contextInitialized()
16-Nov-2023 23:01:17.561 INFO [main] org.apache.catalina.core.ApplicationContext.log SessionListener: contextInitialized()
16-Nov-2023 23:01:17.566 INFO [main] org.apache.catalina.core.ApplicationContext.log ContextListener: attributeAdded('StockTicker', 'async.Stockticker@16817bad')
16-Nov-2023 23:10:31.838 INFO [main] org.apache.catalina.core.ApplicationContext.log ContextListener: contextInitialized()
16-Nov-2023 23:10:31.838 INFO [main] org.apache.catalina.core.ApplicationContext.log SessionListener: contextInitialized()
16-Nov-2023 23:10:31.846 INFO [main] org.apache.catalina.core.ApplicationContext.log ContextListener: attributeAdded('StockTicker', 'async.Stockticker@6e21b6f8')
